<?xml version="1.0" encoding="UTF-8"?>
<robot generator="Robot 3.1.2 (Python 3.7.4 on win32)" generated="20200507 10:47:16.042" rpa="false">
<suite id="s1" name="Test" source="C:\Users\cgoss\Desktop\PycharmProjects\untitled2\test.robot">
<test id="s1-t1" name="Open Browser To Cloud">
<kw name="Browse to Lexmark Cloud Fleet Managment">
<kw name="Open Browser" library="SeleniumLibrary">
<doc>Opens a new browser instance to the optional ``url``.</doc>
<arguments>
<arg>${URL}</arg>
<arg>${Browser}</arg>
</arguments>
<msg timestamp="20200507 10:47:16.804" level="INFO">Opening browser 'Chrome' to base url 'https://idp.dev.cloud.onelxk.co/auth/users/login'.</msg>
<status status="PASS" starttime="20200507 10:47:16.803" endtime="20200507 10:47:22.886"></status>
</kw>
<kw name="Maximize Browser Window" library="SeleniumLibrary">
<doc>Maximizes current browser window.</doc>
<status status="PASS" starttime="20200507 10:47:22.887" endtime="20200507 10:47:23.159"></status>
</kw>
<status status="PASS" starttime="20200507 10:47:16.802" endtime="20200507 10:47:23.159"></status>
</kw>
<kw name="Enter Username and Click Next">
<kw name="Input Text" library="SeleniumLibrary">
<doc>Types the given ``text`` into the text field identified by ``locator``.</doc>
<arguments>
<arg>${USERNAME}</arg>
<arg>${EMAIL}</arg>
</arguments>
<msg timestamp="20200507 10:47:23.161" level="INFO">Typing text 'chip.goss@lexmark.com' into text field 'id:user_email'.</msg>
<status status="PASS" starttime="20200507 10:47:23.161" endtime="20200507 10:47:23.498"></status>
</kw>
<kw name="Click Button" library="SeleniumLibrary">
<doc>Clicks the button identified by ``locator``.</doc>
<arguments>
<arg>${USERNAME_NEXT}</arg>
</arguments>
<msg timestamp="20200507 10:47:23.499" level="INFO">Clicking button 'id:btn-email-next'.</msg>
<status status="PASS" starttime="20200507 10:47:23.499" endtime="20200507 10:47:23.962"></status>
</kw>
<status status="PASS" starttime="20200507 10:47:23.160" endtime="20200507 10:47:23.963"></status>
</kw>
<kw name="Enter Password and Login">
<kw name="Input Text" library="SeleniumLibrary">
<doc>Types the given ``text`` into the text field identified by ``locator``.</doc>
<arguments>
<arg>${LOGIN}</arg>
<arg>${PASS}</arg>
</arguments>
<msg timestamp="20200507 10:47:23.971" level="INFO">Typing text '!Qazxsw2' into text field 'id:user_password'.</msg>
<status status="PASS" starttime="20200507 10:47:23.970" endtime="20200507 10:47:24.254"></status>
</kw>
<kw name="Click Button" library="SeleniumLibrary">
<doc>Clicks the button identified by ``locator``.</doc>
<arguments>
<arg>${PASS_NEXT}</arg>
</arguments>
<msg timestamp="20200507 10:47:24.256" level="INFO">Clicking button 'id:btn-email-login'.</msg>
<status status="PASS" starttime="20200507 10:47:24.255" endtime="20200507 10:47:28.276"></status>
</kw>
<status status="PASS" starttime="20200507 10:47:23.963" endtime="20200507 10:47:28.276"></status>
</kw>
<kw name="Open Fleet Managemnt Page">
<kw name="Wait Until Element Is Visible" library="SeleniumLibrary">
<doc>Waits until the element ``locator`` is visible.</doc>
<arguments>
<arg>${FLEET_MG}</arg>
</arguments>
<status status="PASS" starttime="20200507 10:47:28.277" endtime="20200507 10:47:30.834"></status>
</kw>
<kw name="Click Element" library="SeleniumLibrary">
<doc>Click the element identified by ``locator``.</doc>
<arguments>
<arg>${FLEET_MG}</arg>
</arguments>
<msg timestamp="20200507 10:47:30.835" level="INFO">Clicking element 'xpath://*[contains(text(), "Fleet Management")]'.</msg>
<status status="PASS" starttime="20200507 10:47:30.834" endtime="20200507 10:47:31.425"></status>
</kw>
<status status="PASS" starttime="20200507 10:47:28.276" endtime="20200507 10:47:31.425"></status>
</kw>
<kw name="Select Orginization">
<kw name="Sleep" library="BuiltIn">
<doc>Pauses the test executed for the given time.</doc>
<arguments>
<arg>10</arg>
</arguments>
<msg timestamp="20200507 10:47:41.428" level="INFO">Slept 10 seconds</msg>
<status status="PASS" starttime="20200507 10:47:31.426" endtime="20200507 10:47:41.428"></status>
</kw>
<kw name="Switch Window" library="SeleniumLibrary">
<doc>Switches to browser window matching ``locator``.</doc>
<arguments>
<arg>NEW</arg>
</arguments>
<status status="PASS" starttime="20200507 10:47:41.428" endtime="20200507 10:47:41.455"></status>
</kw>
<kw name="Title Should Be" library="SeleniumLibrary">
<doc>Verifies that the current page title equals ``title``.</doc>
<arguments>
<arg>Fleet Management | Lexmark Cloud Services</arg>
</arguments>
<msg timestamp="20200507 10:47:41.562" level="INFO">Page title is 'Fleet Management | Lexmark Cloud Services'.</msg>
<status status="PASS" starttime="20200507 10:47:41.456" endtime="20200507 10:47:41.562"></status>
</kw>
<kw name="Sleep" library="BuiltIn">
<doc>Pauses the test executed for the given time.</doc>
<arguments>
<arg>10</arg>
</arguments>
<msg timestamp="20200507 10:47:51.563" level="INFO">Slept 10 seconds</msg>
<status status="PASS" starttime="20200507 10:47:41.562" endtime="20200507 10:47:51.563"></status>
</kw>
<kw name="Click Element" library="SeleniumLibrary">
<doc>Click the element identified by ``locator``.</doc>
<arguments>
<arg>${ORG_SELECT}</arg>
</arguments>
<msg timestamp="20200507 10:47:51.565" level="INFO">Clicking element 'id:selectOrgRadioIndividual_radio_input'.</msg>
<status status="PASS" starttime="20200507 10:47:51.564" endtime="20200507 10:47:51.805"></status>
</kw>
<kw name="Click Element" library="SeleniumLibrary">
<doc>Click the element identified by ``locator``.</doc>
<arguments>
<arg>${ORG_INPUT}</arg>
</arguments>
<msg timestamp="20200507 10:47:51.806" level="INFO">Clicking element 'id:organizationSelect'.</msg>
<status status="PASS" starttime="20200507 10:47:51.805" endtime="20200507 10:47:51.982"></status>
</kw>
<kw name="Sleep" library="BuiltIn">
<doc>Pauses the test executed for the given time.</doc>
<arguments>
<arg>5</arg>
</arguments>
<msg timestamp="20200507 10:47:56.983" level="INFO">Slept 5 seconds</msg>
<status status="PASS" starttime="20200507 10:47:51.982" endtime="20200507 10:47:56.983"></status>
</kw>
<kw name="Input Text" library="SeleniumLibrary">
<doc>Types the given ``text`` into the text field identified by ``locator``.</doc>
<arguments>
<arg>${ORG_TYPE}</arg>
<arg>${ORG}</arg>
</arguments>
<msg timestamp="20200507 10:47:56.985" level="INFO">Typing text 'Development Org' into text field 'id:organizationSelect_Input'.</msg>
<status status="PASS" starttime="20200507 10:47:56.984" endtime="20200507 10:47:58.113"></status>
</kw>
<kw name="Press Keys" library="SeleniumLibrary">
<doc>Simulates the user pressing key(s) to an element or on the active browser.</doc>
<arguments>
<arg>RETURN</arg>
</arguments>
<kw name="Capture Page Screenshot" library="SeleniumLibrary">
<doc>Takes a screenshot of the current page and embeds it into a log file.</doc>
<msg timestamp="20200507 10:47:58.599" level="INFO" html="yes">&lt;/td&gt;&lt;/tr&gt;&lt;tr&gt;&lt;td colspan="3"&gt;&lt;a href="selenium-screenshot-59.png"&gt;&lt;img src="selenium-screenshot-59.png" width="800px"&gt;&lt;/a&gt;</msg>
<status status="PASS" starttime="20200507 10:47:58.114" endtime="20200507 10:47:58.600"></status>
</kw>
<msg timestamp="20200507 10:47:58.604" level="FAIL">"keys" argument can not be empty.</msg>
<status status="FAIL" starttime="20200507 10:47:58.113" endtime="20200507 10:47:58.605"></status>
</kw>
<status status="FAIL" starttime="20200507 10:47:31.426" endtime="20200507 10:47:58.605"></status>
</kw>
<status status="FAIL" starttime="20200507 10:47:16.801" endtime="20200507 10:47:58.606" critical="yes">"keys" argument can not be empty.</status>
</test>
<status status="FAIL" starttime="20200507 10:47:16.048" endtime="20200507 10:47:58.608"></status>
</suite>
<statistics>
<total>
<stat pass="0" fail="1">Critical Tests</stat>
<stat pass="0" fail="1">All Tests</stat>
</total>
<tag>
</tag>
<suite>
<stat pass="0" fail="1" id="s1" name="Test">Test</stat>
</suite>
</statistics>
<errors>
</errors>
</robot>
